[2021-01-14T11:09:59.883][3] 	Any[1.0, 2.0, 3.0, 1.0]
(9×9 DataFrame
│ Row │ AAVE     │ BNB       │ BTC       │ CTK      │ ETH      │ LTC       │ SOL      │ TRX      │ YFI        │
│     │ Float64? │ Float64?  │ Float64?  │ Float64? │ Float64? │ Float64?  │ Float64? │ Float64? │ Float64?   │
├─────┼──────────┼───────────┼───────────┼──────────┼──────────┼───────────┼──────────┼──────────┼────────────┤
│ 1   │ missing  │ 1.62801   │ 2.48945   │ missing  │ 1.00415  │ missing   │ missing  │ missing  │ missing    │
│ 2   │ -1.62635 │ missing   │ 2.96847   │ -1.66514 │ 1.45305  │ 0.556061  │ -1.07603 │ -3.13318 │ 2.90672    │
│ 3   │ -2.48852 │ -2.96835  │ missing   │ -4.62562 │ -1.51566 │ -2.41341  │ -4.04789 │ -6.10237 │ -0.0472075 │
│ 4   │ missing  │ 1.66776   │ 4.62875   │ missing  │ missing  │ missing   │ missing  │ missing  │ missing    │
│ 5   │ -1.00261 │ -1.4524   │ 1.51567   │ missing  │ missing  │ -0.896949 │ missing  │ -4.58754 │ missing    │
│ 6   │ missing  │ -0.555336 │ 2.41353   │ missing  │ 0.898219 │ missing   │ missing  │ missing  │ missing    │
│ 7   │ missing  │ 1.08113   │ 4.04939   │ missing  │ missing  │ missing   │ missing  │ missing  │ missing    │
│ 8   │ missing  │ 3.13407   │ 6.10791   │ missing  │ 4.58889  │ missing   │ missing  │ missing  │ missing    │
│ 9   │ missing  │ -2.90455  │ 0.0476048 │ missing  │ missing  │ missing   │ missing  │ missing  │ missing    │) 
[2021-01-14T11:10:00.053][3] 	Any[2.0, 3.0, 1.0, 2.0]
(9×9 DataFrame
│ Row │ AAVE     │ BNB       │ BTC       │ CTK      │ ETH      │ LTC       │ SOL      │ TRX      │ YFI        │
│     │ Float64? │ Float64?  │ Float64?  │ Float64? │ Float64? │ Float64?  │ Float64? │ Float64? │ Float64?   │
├─────┼──────────┼───────────┼───────────┼──────────┼──────────┼───────────┼──────────┼──────────┼────────────┤
│ 1   │ missing  │ 1.62801   │ 2.48945   │ missing  │ 1.00415  │ missing   │ missing  │ missing  │ missing    │
│ 2   │ -1.62635 │ missing   │ 2.96847   │ -1.66514 │ 1.45305  │ 0.556061  │ -1.07603 │ -3.13318 │ 2.90672    │
│ 3   │ -2.48852 │ -2.96835  │ missing   │ -4.62562 │ -1.51566 │ -2.41341  │ -4.04789 │ -6.10237 │ -0.0472075 │
│ 4   │ missing  │ 1.66776   │ 4.62875   │ missing  │ missing  │ missing   │ missing  │ missing  │ missing    │
│ 5   │ -1.00261 │ -1.4524   │ 1.51567   │ missing  │ missing  │ -0.896949 │ missing  │ -4.58754 │ missing    │
│ 6   │ missing  │ -0.555336 │ 2.41353   │ missing  │ 0.898219 │ missing   │ missing  │ missing  │ missing    │
│ 7   │ missing  │ 1.08113   │ 4.04939   │ missing  │ missing  │ missing   │ missing  │ missing  │ missing    │
│ 8   │ missing  │ 3.13407   │ 6.10791   │ missing  │ 4.58889  │ missing   │ missing  │ missing  │ missing    │
│ 9   │ missing  │ -2.90455  │ 0.0476048 │ missing  │ missing  │ missing   │ missing  │ missing  │ missing    │) 
[2021-01-14T11:10:00.06][3] 	Any[3.0, 1.0, 2.0, 3.0]
(9×9 DataFrame
│ Row │ AAVE     │ BNB       │ BTC       │ CTK      │ ETH      │ LTC       │ SOL      │ TRX      │ YFI        │
│     │ Float64? │ Float64?  │ Float64?  │ Float64? │ Float64? │ Float64?  │ Float64? │ Float64? │ Float64?   │
├─────┼──────────┼───────────┼───────────┼──────────┼──────────┼───────────┼──────────┼──────────┼────────────┤
│ 1   │ missing  │ 1.62801   │ 2.48945   │ missing  │ 1.00415  │ missing   │ missing  │ missing  │ missing    │
│ 2   │ -1.62635 │ missing   │ 2.96847   │ -1.66514 │ 1.45305  │ 0.556061  │ -1.07603 │ -3.13318 │ 2.90672    │
│ 3   │ -2.48852 │ -2.96835  │ missing   │ -4.62562 │ -1.51566 │ -2.41341  │ -4.04789 │ -6.10237 │ -0.0472075 │
│ 4   │ missing  │ 1.66776   │ 4.62875   │ missing  │ missing  │ missing   │ missing  │ missing  │ missing    │
│ 5   │ -1.00261 │ -1.4524   │ 1.51567   │ missing  │ missing  │ -0.896949 │ missing  │ -4.58754 │ missing    │
│ 6   │ missing  │ -0.555336 │ 2.41353   │ missing  │ 0.898219 │ missing   │ missing  │ missing  │ missing    │
│ 7   │ missing  │ 1.08113   │ 4.04939   │ missing  │ missing  │ missing   │ missing  │ missing  │ missing    │
│ 8   │ missing  │ 3.13407   │ 6.10791   │ missing  │ 4.58889  │ missing   │ missing  │ missing  │ missing    │
│ 9   │ missing  │ -2.90455  │ 0.0476048 │ missing  │ missing  │ missing   │ missing  │ missing  │ missing    │) 
[2021-01-14T11:10:00.067][3] 	Any[4.0, 2.0, 3.0, 1.0, 2.0]
(9×9 DataFrame
│ Row │ AAVE     │ BNB       │ BTC       │ CTK      │ ETH      │ LTC       │ SOL      │ TRX      │ YFI        │
│     │ Float64? │ Float64?  │ Float64?  │ Float64? │ Float64? │ Float64?  │ Float64? │ Float64? │ Float64?   │
├─────┼──────────┼───────────┼───────────┼──────────┼──────────┼───────────┼──────────┼──────────┼────────────┤
│ 1   │ missing  │ 1.62801   │ 2.48945   │ missing  │ 1.00415  │ missing   │ missing  │ missing  │ missing    │
│ 2   │ -1.62635 │ missing   │ 2.96847   │ -1.66514 │ 1.45305  │ 0.556061  │ -1.07603 │ -3.13318 │ 2.90672    │
│ 3   │ -2.48852 │ -2.96835  │ missing   │ -4.62562 │ -1.51566 │ -2.41341  │ -4.04789 │ -6.10237 │ -0.0472075 │
│ 4   │ missing  │ 1.66776   │ 4.62875   │ missing  │ missing  │ missing   │ missing  │ missing  │ missing    │
│ 5   │ -1.00261 │ -1.4524   │ 1.51567   │ missing  │ missing  │ -0.896949 │ missing  │ -4.58754 │ missing    │
│ 6   │ missing  │ -0.555336 │ 2.41353   │ missing  │ 0.898219 │ missing   │ missing  │ missing  │ missing    │
│ 7   │ missing  │ 1.08113   │ 4.04939   │ missing  │ missing  │ missing   │ missing  │ missing  │ missing    │
│ 8   │ missing  │ 3.13407   │ 6.10791   │ missing  │ 4.58889  │ missing   │ missing  │ missing  │ missing    │
│ 9   │ missing  │ -2.90455  │ 0.0476048 │ missing  │ missing  │ missing   │ missing  │ missing  │ missing    │) 
[2021-01-14T11:10:00.069][3] 	Any[5.0, 1.0, 2.0, 3.0, 1.0]
(9×9 DataFrame
│ Row │ AAVE     │ BNB       │ BTC       │ CTK      │ ETH      │ LTC       │ SOL      │ TRX      │ YFI        │
│     │ Float64? │ Float64?  │ Float64?  │ Float64? │ Float64? │ Float64?  │ Float64? │ Float64? │ Float64?   │
├─────┼──────────┼───────────┼───────────┼──────────┼──────────┼───────────┼──────────┼──────────┼────────────┤
│ 1   │ missing  │ 1.62801   │ 2.48945   │ missing  │ 1.00415  │ missing   │ missing  │ missing  │ missing    │
│ 2   │ -1.62635 │ missing   │ 2.96847   │ -1.66514 │ 1.45305  │ 0.556061  │ -1.07603 │ -3.13318 │ 2.90672    │
│ 3   │ -2.48852 │ -2.96835  │ missing   │ -4.62562 │ -1.51566 │ -2.41341  │ -4.04789 │ -6.10237 │ -0.0472075 │
│ 4   │ missing  │ 1.66776   │ 4.62875   │ missing  │ missing  │ missing   │ missing  │ missing  │ missing    │
│ 5   │ -1.00261 │ -1.4524   │ 1.51567   │ missing  │ missing  │ -0.896949 │ missing  │ -4.58754 │ missing    │
│ 6   │ missing  │ -0.555336 │ 2.41353   │ missing  │ 0.898219 │ missing   │ missing  │ missing  │ missing    │
│ 7   │ missing  │ 1.08113   │ 4.04939   │ missing  │ missing  │ missing   │ missing  │ missing  │ missing    │
│ 8   │ missing  │ 3.13407   │ 6.10791   │ missing  │ 4.58889  │ missing   │ missing  │ missing  │ missing    │
│ 9   │ missing  │ -2.90455  │ 0.0476048 │ missing  │ missing  │ missing   │ missing  │ missing  │ missing    │) 
[2021-01-14T11:10:00.075][3] 	Any[6.0, 3.0, 1.0, 2.0, 3.0]
(9×9 DataFrame
│ Row │ AAVE     │ BNB       │ BTC       │ CTK      │ ETH      │ LTC       │ SOL      │ TRX      │ YFI        │
│     │ Float64? │ Float64?  │ Float64?  │ Float64? │ Float64? │ Float64?  │ Float64? │ Float64? │ Float64?   │
├─────┼──────────┼───────────┼───────────┼──────────┼──────────┼───────────┼──────────┼──────────┼────────────┤
│ 1   │ missing  │ 1.62801   │ 2.48945   │ missing  │ 1.00415  │ missing   │ missing  │ missing  │ missing    │
│ 2   │ -1.62635 │ missing   │ 2.96847   │ -1.66514 │ 1.45305  │ 0.556061  │ -1.07603 │ -3.13318 │ 2.90672    │
│ 3   │ -2.48852 │ -2.96835  │ missing   │ -4.62562 │ -1.51566 │ -2.41341  │ -4.04789 │ -6.10237 │ -0.0472075 │
│ 4   │ missing  │ 1.66776   │ 4.62875   │ missing  │ missing  │ missing   │ missing  │ missing  │ missing    │
│ 5   │ -1.00261 │ -1.4524   │ 1.51567   │ missing  │ missing  │ -0.896949 │ missing  │ -4.58754 │ missing    │
│ 6   │ missing  │ -0.555336 │ 2.41353   │ missing  │ 0.898219 │ missing   │ missing  │ missing  │ missing    │
│ 7   │ missing  │ 1.08113   │ 4.04939   │ missing  │ missing  │ missing   │ missing  │ missing  │ missing    │
│ 8   │ missing  │ 3.13407   │ 6.10791   │ missing  │ 4.58889  │ missing   │ missing  │ missing  │ missing    │
│ 9   │ missing  │ -2.90455  │ 0.0476048 │ missing  │ missing  │ missing   │ missing  │ missing  │ missing    │) 
[2021-01-14T11:10:00.082][3] 	Any[7.0, 3.0, 1.0, 2.0, 3.0]
(9×9 DataFrame
│ Row │ AAVE     │ BNB       │ BTC       │ CTK      │ ETH      │ LTC       │ SOL      │ TRX      │ YFI        │
│     │ Float64? │ Float64?  │ Float64?  │ Float64? │ Float64? │ Float64?  │ Float64? │ Float64? │ Float64?   │
├─────┼──────────┼───────────┼───────────┼──────────┼──────────┼───────────┼──────────┼──────────┼────────────┤
│ 1   │ missing  │ 1.62801   │ 2.48945   │ missing  │ 1.00415  │ missing   │ missing  │ missing  │ missing    │
│ 2   │ -1.62635 │ missing   │ 2.96847   │ -1.66514 │ 1.45305  │ 0.556061  │ -1.07603 │ -3.13318 │ 2.90672    │
│ 3   │ -2.48852 │ -2.96835  │ missing   │ -4.62562 │ -1.51566 │ -2.41341  │ -4.04789 │ -6.10237 │ -0.0472075 │
│ 4   │ missing  │ 1.66776   │ 4.62875   │ missing  │ missing  │ missing   │ missing  │ missing  │ missing    │
│ 5   │ -1.00261 │ -1.4524   │ 1.51567   │ missing  │ missing  │ -0.896949 │ missing  │ -4.58754 │ missing    │
│ 6   │ missing  │ -0.555336 │ 2.41353   │ missing  │ 0.898219 │ missing   │ missing  │ missing  │ missing    │
│ 7   │ missing  │ 1.08113   │ 4.04939   │ missing  │ missing  │ missing   │ missing  │ missing  │ missing    │
│ 8   │ missing  │ 3.13407   │ 6.10791   │ missing  │ 4.58889  │ missing   │ missing  │ missing  │ missing    │
│ 9   │ missing  │ -2.90455  │ 0.0476048 │ missing  │ missing  │ missing   │ missing  │ missing  │ missing    │) 
[2021-01-14T11:10:00.084][3] 	Any[8.0, 5.0, 1.0, 2.0, 3.0, 1.0]
(9×9 DataFrame
│ Row │ AAVE     │ BNB       │ BTC       │ CTK      │ ETH      │ LTC       │ SOL      │ TRX      │ YFI        │
│     │ Float64? │ Float64?  │ Float64?  │ Float64? │ Float64? │ Float64?  │ Float64? │ Float64? │ Float64?   │
├─────┼──────────┼───────────┼───────────┼──────────┼──────────┼───────────┼──────────┼──────────┼────────────┤
│ 1   │ missing  │ 1.62801   │ 2.48945   │ missing  │ 1.00415  │ missing   │ missing  │ missing  │ missing    │
│ 2   │ -1.62635 │ missing   │ 2.96847   │ -1.66514 │ 1.45305  │ 0.556061  │ -1.07603 │ -3.13318 │ 2.90672    │
│ 3   │ -2.48852 │ -2.96835  │ missing   │ -4.62562 │ -1.51566 │ -2.41341  │ -4.04789 │ -6.10237 │ -0.0472075 │
│ 4   │ missing  │ 1.66776   │ 4.62875   │ missing  │ missing  │ missing   │ missing  │ missing  │ missing    │
│ 5   │ -1.00261 │ -1.4524   │ 1.51567   │ missing  │ missing  │ -0.896949 │ missing  │ -4.58754 │ missing    │
│ 6   │ missing  │ -0.555336 │ 2.41353   │ missing  │ 0.898219 │ missing   │ missing  │ missing  │ missing    │
│ 7   │ missing  │ 1.08113   │ 4.04939   │ missing  │ missing  │ missing   │ missing  │ missing  │ missing    │
│ 8   │ missing  │ 3.13407   │ 6.10791   │ missing  │ 4.58889  │ missing   │ missing  │ missing  │ missing    │
│ 9   │ missing  │ -2.90455  │ 0.0476048 │ missing  │ missing  │ missing   │ missing  │ missing  │ missing    │) 
[2021-01-14T11:10:00.09][3] 	Any[9.0, 2.0, 3.0, 1.0, 2.0]
(9×9 DataFrame
│ Row │ AAVE     │ BNB       │ BTC       │ CTK      │ ETH      │ LTC       │ SOL      │ TRX      │ YFI        │
│     │ Float64? │ Float64?  │ Float64?  │ Float64? │ Float64? │ Float64?  │ Float64? │ Float64? │ Float64?   │
├─────┼──────────┼───────────┼───────────┼──────────┼──────────┼───────────┼──────────┼──────────┼────────────┤
│ 1   │ missing  │ 1.62801   │ 2.48945   │ missing  │ 1.00415  │ missing   │ missing  │ missing  │ missing    │
│ 2   │ -1.62635 │ missing   │ 2.96847   │ -1.66514 │ 1.45305  │ 0.556061  │ -1.07603 │ -3.13318 │ 2.90672    │
│ 3   │ -2.48852 │ -2.96835  │ missing   │ -4.62562 │ -1.51566 │ -2.41341  │ -4.04789 │ -6.10237 │ -0.0472075 │
│ 4   │ missing  │ 1.66776   │ 4.62875   │ missing  │ missing  │ missing   │ missing  │ missing  │ missing    │
│ 5   │ -1.00261 │ -1.4524   │ 1.51567   │ missing  │ missing  │ -0.896949 │ missing  │ -4.58754 │ missing    │
│ 6   │ missing  │ -0.555336 │ 2.41353   │ missing  │ 0.898219 │ missing   │ missing  │ missing  │ missing    │
│ 7   │ missing  │ 1.08113   │ 4.04939   │ missing  │ missing  │ missing   │ missing  │ missing  │ missing    │
│ 8   │ missing  │ 3.13407   │ 6.10791   │ missing  │ 4.58889  │ missing   │ missing  │ missing  │ missing    │
│ 9   │ missing  │ -2.90455  │ 0.0476048 │ missing  │ missing  │ missing   │ missing  │ missing  │ missing    │) 
[2021-01-14T15:16:56.99][3] 	Any[1.0, 2.0, 3.0, 1.0]
(9×9 DataFrame
│ Row │ AAVE     │ BNB      │ BTC       │ CTK      │ ETH      │ LTC      │ SOL      │ TRX      │ YFI        │
│     │ Float64? │ Float64? │ Float64?  │ Float64? │ Float64? │ Float64? │ Float64? │ Float64? │ Float64?   │
├─────┼──────────┼──────────┼───────────┼──────────┼──────────┼──────────┼──────────┼──────────┼────────────┤
│ 1   │ missing  │ 1.62893  │ 2.48945   │ missing  │ 1.00415  │ missing  │ missing  │ missing  │ missing    │
│ 2   │ -1.62782 │ missing  │ 2.96815   │ -1.66514 │ 1.45338  │ 0.55279  │ -1.07753 │ -3.13668 │ 2.90404    │
│ 3   │ -2.48852 │ -2.96811 │ missing   │ -4.62562 │ -1.51452 │ -2.41567 │ -4.04789 │ -6.10237 │ -0.0472075 │
│ 4   │ missing  │ 1.66776  │ 4.62875   │ missing  │ missing  │ missing  │ missing  │ missing  │ missing    │
│ 5   │ -1.00261 │ -1.45328 │ 1.51456   │ missing  │ missing  │ -0.90063 │ missing  │ -4.5904  │ missing    │
│ 6   │ missing  │ -0.55206 │ 2.41578   │ missing  │ 0.901114 │ missing  │ missing  │ missing  │ missing    │
│ 7   │ missing  │ 1.08009  │ 4.04939   │ missing  │ missing  │ missing  │ missing  │ missing  │ missing    │
│ 8   │ missing  │ 3.13775  │ 6.10791   │ missing  │ 4.59091  │ missing  │ missing  │ missing  │ missing    │
│ 9   │ missing  │ -2.90129 │ 0.0476048 │ missing  │ missing  │ missing  │ missing  │ missing  │ missing    │) 
[2021-01-14T15:16:57.091][3] 	Any[2.0, 3.0, 1.0, 2.0]
(9×9 DataFrame
│ Row │ AAVE     │ BNB      │ BTC       │ CTK      │ ETH      │ LTC      │ SOL      │ TRX      │ YFI        │
│     │ Float64? │ Float64? │ Float64?  │ Float64? │ Float64? │ Float64? │ Float64? │ Float64? │ Float64?   │
├─────┼──────────┼──────────┼───────────┼──────────┼──────────┼──────────┼──────────┼──────────┼────────────┤
│ 1   │ missing  │ 1.62893  │ 2.48945   │ missing  │ 1.00415  │ missing  │ missing  │ missing  │ missing    │
│ 2   │ -1.62782 │ missing  │ 2.96815   │ -1.66514 │ 1.45338  │ 0.55279  │ -1.07753 │ -3.13668 │ 2.90404    │
│ 3   │ -2.48852 │ -2.96811 │ missing   │ -4.62562 │ -1.51452 │ -2.41567 │ -4.04789 │ -6.10237 │ -0.0472075 │
│ 4   │ missing  │ 1.66776  │ 4.62875   │ missing  │ missing  │ missing  │ missing  │ missing  │ missing    │
│ 5   │ -1.00261 │ -1.45328 │ 1.51456   │ missing  │ missing  │ -0.90063 │ missing  │ -4.5904  │ missing    │
│ 6   │ missing  │ -0.55206 │ 2.41578   │ missing  │ 0.901114 │ missing  │ missing  │ missing  │ missing    │
│ 7   │ missing  │ 1.08009  │ 4.04939   │ missing  │ missing  │ missing  │ missing  │ missing  │ missing    │
│ 8   │ missing  │ 3.13775  │ 6.10791   │ missing  │ 4.59091  │ missing  │ missing  │ missing  │ missing    │
│ 9   │ missing  │ -2.90129 │ 0.0476048 │ missing  │ missing  │ missing  │ missing  │ missing  │ missing    │) 
[2021-01-14T15:16:57.099][3] 	Any[3.0, 1.0, 2.0, 3.0]
(9×9 DataFrame
│ Row │ AAVE     │ BNB      │ BTC       │ CTK      │ ETH      │ LTC      │ SOL      │ TRX      │ YFI        │
│     │ Float64? │ Float64? │ Float64?  │ Float64? │ Float64? │ Float64? │ Float64? │ Float64? │ Float64?   │
├─────┼──────────┼──────────┼───────────┼──────────┼──────────┼──────────┼──────────┼──────────┼────────────┤
│ 1   │ missing  │ 1.62893  │ 2.48945   │ missing  │ 1.00415  │ missing  │ missing  │ missing  │ missing    │
│ 2   │ -1.62782 │ missing  │ 2.96815   │ -1.66514 │ 1.45338  │ 0.55279  │ -1.07753 │ -3.13668 │ 2.90404    │
│ 3   │ -2.48852 │ -2.96811 │ missing   │ -4.62562 │ -1.51452 │ -2.41567 │ -4.04789 │ -6.10237 │ -0.0472075 │
│ 4   │ missing  │ 1.66776  │ 4.62875   │ missing  │ missing  │ missing  │ missing  │ missing  │ missing    │
│ 5   │ -1.00261 │ -1.45328 │ 1.51456   │ missing  │ missing  │ -0.90063 │ missing  │ -4.5904  │ missing    │
│ 6   │ missing  │ -0.55206 │ 2.41578   │ missing  │ 0.901114 │ missing  │ missing  │ missing  │ missing    │
│ 7   │ missing  │ 1.08009  │ 4.04939   │ missing  │ missing  │ missing  │ missing  │ missing  │ missing    │
│ 8   │ missing  │ 3.13775  │ 6.10791   │ missing  │ 4.59091  │ missing  │ missing  │ missing  │ missing    │
│ 9   │ missing  │ -2.90129 │ 0.0476048 │ missing  │ missing  │ missing  │ missing  │ missing  │ missing    │) 
[2021-01-14T15:16:57.1][3] 	Any[4.0, 2.0, 3.0, 1.0, 2.0]
(9×9 DataFrame
│ Row │ AAVE     │ BNB      │ BTC       │ CTK      │ ETH      │ LTC      │ SOL      │ TRX      │ YFI        │
│     │ Float64? │ Float64? │ Float64?  │ Float64? │ Float64? │ Float64? │ Float64? │ Float64? │ Float64?   │
├─────┼──────────┼──────────┼───────────┼──────────┼──────────┼──────────┼──────────┼──────────┼────────────┤
│ 1   │ missing  │ 1.62893  │ 2.48945   │ missing  │ 1.00415  │ missing  │ missing  │ missing  │ missing    │
│ 2   │ -1.62782 │ missing  │ 2.96815   │ -1.66514 │ 1.45338  │ 0.55279  │ -1.07753 │ -3.13668 │ 2.90404    │
│ 3   │ -2.48852 │ -2.96811 │ missing   │ -4.62562 │ -1.51452 │ -2.41567 │ -4.04789 │ -6.10237 │ -0.0472075 │
│ 4   │ missing  │ 1.66776  │ 4.62875   │ missing  │ missing  │ missing  │ missing  │ missing  │ missing    │
│ 5   │ -1.00261 │ -1.45328 │ 1.51456   │ missing  │ missing  │ -0.90063 │ missing  │ -4.5904  │ missing    │
│ 6   │ missing  │ -0.55206 │ 2.41578   │ missing  │ 0.901114 │ missing  │ missing  │ missing  │ missing    │
│ 7   │ missing  │ 1.08009  │ 4.04939   │ missing  │ missing  │ missing  │ missing  │ missing  │ missing    │
│ 8   │ missing  │ 3.13775  │ 6.10791   │ missing  │ 4.59091  │ missing  │ missing  │ missing  │ missing    │
│ 9   │ missing  │ -2.90129 │ 0.0476048 │ missing  │ missing  │ missing  │ missing  │ missing  │ missing    │) 
[2021-01-14T15:16:57.106][3] 	Any[5.0, 1.0, 2.0, 3.0, 1.0]
(9×9 DataFrame
│ Row │ AAVE     │ BNB      │ BTC       │ CTK      │ ETH      │ LTC      │ SOL      │ TRX      │ YFI        │
│     │ Float64? │ Float64? │ Float64?  │ Float64? │ Float64? │ Float64? │ Float64? │ Float64? │ Float64?   │
├─────┼──────────┼──────────┼───────────┼──────────┼──────────┼──────────┼──────────┼──────────┼────────────┤
│ 1   │ missing  │ 1.62893  │ 2.48945   │ missing  │ 1.00415  │ missing  │ missing  │ missing  │ missing    │
│ 2   │ -1.62782 │ missing  │ 2.96815   │ -1.66514 │ 1.45338  │ 0.55279  │ -1.07753 │ -3.13668 │ 2.90404    │
│ 3   │ -2.48852 │ -2.96811 │ missing   │ -4.62562 │ -1.51452 │ -2.41567 │ -4.04789 │ -6.10237 │ -0.0472075 │
│ 4   │ missing  │ 1.66776  │ 4.62875   │ missing  │ missing  │ missing  │ missing  │ missing  │ missing    │
│ 5   │ -1.00261 │ -1.45328 │ 1.51456   │ missing  │ missing  │ -0.90063 │ missing  │ -4.5904  │ missing    │
│ 6   │ missing  │ -0.55206 │ 2.41578   │ missing  │ 0.901114 │ missing  │ missing  │ missing  │ missing    │
│ 7   │ missing  │ 1.08009  │ 4.04939   │ missing  │ missing  │ missing  │ missing  │ missing  │ missing    │
│ 8   │ missing  │ 3.13775  │ 6.10791   │ missing  │ 4.59091  │ missing  │ missing  │ missing  │ missing    │
│ 9   │ missing  │ -2.90129 │ 0.0476048 │ missing  │ missing  │ missing  │ missing  │ missing  │ missing    │) 
[2021-01-14T15:16:57.14][3] 	Any[6.0, 3.0, 1.0, 2.0, 3.0]
(9×9 DataFrame
│ Row │ AAVE     │ BNB      │ BTC       │ CTK      │ ETH      │ LTC      │ SOL      │ TRX      │ YFI        │
│     │ Float64? │ Float64? │ Float64?  │ Float64? │ Float64? │ Float64? │ Float64? │ Float64? │ Float64?   │
├─────┼──────────┼──────────┼───────────┼──────────┼──────────┼──────────┼──────────┼──────────┼────────────┤
│ 1   │ missing  │ 1.62893  │ 2.48945   │ missing  │ 1.00415  │ missing  │ missing  │ missing  │ missing    │
│ 2   │ -1.62782 │ missing  │ 2.96815   │ -1.66514 │ 1.45338  │ 0.55279  │ -1.07753 │ -3.13668 │ 2.90404    │
│ 3   │ -2.48852 │ -2.96811 │ missing   │ -4.62562 │ -1.51452 │ -2.41567 │ -4.04789 │ -6.10237 │ -0.0472075 │
│ 4   │ missing  │ 1.66776  │ 4.62875   │ missing  │ missing  │ missing  │ missing  │ missing  │ missing    │
│ 5   │ -1.00261 │ -1.45328 │ 1.51456   │ missing  │ missing  │ -0.90063 │ missing  │ -4.5904  │ missing    │
│ 6   │ missing  │ -0.55206 │ 2.41578   │ missing  │ 0.901114 │ missing  │ missing  │ missing  │ missing    │
│ 7   │ missing  │ 1.08009  │ 4.04939   │ missing  │ missing  │ missing  │ missing  │ missing  │ missing    │
│ 8   │ missing  │ 3.13775  │ 6.10791   │ missing  │ 4.59091  │ missing  │ missing  │ missing  │ missing    │
│ 9   │ missing  │ -2.90129 │ 0.0476048 │ missing  │ missing  │ missing  │ missing  │ missing  │ missing    │) 
[2021-01-14T15:16:57.146][3] 	Any[7.0, 3.0, 1.0, 2.0, 3.0]
(9×9 DataFrame
│ Row │ AAVE     │ BNB      │ BTC       │ CTK      │ ETH      │ LTC      │ SOL      │ TRX      │ YFI        │
│     │ Float64? │ Float64? │ Float64?  │ Float64? │ Float64? │ Float64? │ Float64? │ Float64? │ Float64?   │
├─────┼──────────┼──────────┼───────────┼──────────┼──────────┼──────────┼──────────┼──────────┼────────────┤
│ 1   │ missing  │ 1.62893  │ 2.48945   │ missing  │ 1.00415  │ missing  │ missing  │ missing  │ missing    │
│ 2   │ -1.62782 │ missing  │ 2.96815   │ -1.66514 │ 1.45338  │ 0.55279  │ -1.07753 │ -3.13668 │ 2.90404    │
│ 3   │ -2.48852 │ -2.96811 │ missing   │ -4.62562 │ -1.51452 │ -2.41567 │ -4.04789 │ -6.10237 │ -0.0472075 │
│ 4   │ missing  │ 1.66776  │ 4.62875   │ missing  │ missing  │ missing  │ missing  │ missing  │ missing    │
│ 5   │ -1.00261 │ -1.45328 │ 1.51456   │ missing  │ missing  │ -0.90063 │ missing  │ -4.5904  │ missing    │
│ 6   │ missing  │ -0.55206 │ 2.41578   │ missing  │ 0.901114 │ missing  │ missing  │ missing  │ missing    │
│ 7   │ missing  │ 1.08009  │ 4.04939   │ missing  │ missing  │ missing  │ missing  │ missing  │ missing    │
│ 8   │ missing  │ 3.13775  │ 6.10791   │ missing  │ 4.59091  │ missing  │ missing  │ missing  │ missing    │
│ 9   │ missing  │ -2.90129 │ 0.0476048 │ missing  │ missing  │ missing  │ missing  │ missing  │ missing    │) 
[2021-01-14T15:16:57.148][3] 	Any[8.0, 5.0, 1.0, 2.0, 3.0, 1.0]
(9×9 DataFrame
│ Row │ AAVE     │ BNB      │ BTC       │ CTK      │ ETH      │ LTC      │ SOL      │ TRX      │ YFI        │
│     │ Float64? │ Float64? │ Float64?  │ Float64? │ Float64? │ Float64? │ Float64? │ Float64? │ Float64?   │
├─────┼──────────┼──────────┼───────────┼──────────┼──────────┼──────────┼──────────┼──────────┼────────────┤
│ 1   │ missing  │ 1.62893  │ 2.48945   │ missing  │ 1.00415  │ missing  │ missing  │ missing  │ missing    │
│ 2   │ -1.62782 │ missing  │ 2.96815   │ -1.66514 │ 1.45338  │ 0.55279  │ -1.07753 │ -3.13668 │ 2.90404    │
│ 3   │ -2.48852 │ -2.96811 │ missing   │ -4.62562 │ -1.51452 │ -2.41567 │ -4.04789 │ -6.10237 │ -0.0472075 │
│ 4   │ missing  │ 1.66776  │ 4.62875   │ missing  │ missing  │ missing  │ missing  │ missing  │ missing    │
│ 5   │ -1.00261 │ -1.45328 │ 1.51456   │ missing  │ missing  │ -0.90063 │ missing  │ -4.5904  │ missing    │
│ 6   │ missing  │ -0.55206 │ 2.41578   │ missing  │ 0.901114 │ missing  │ missing  │ missing  │ missing    │
│ 7   │ missing  │ 1.08009  │ 4.04939   │ missing  │ missing  │ missing  │ missing  │ missing  │ missing    │
│ 8   │ missing  │ 3.13775  │ 6.10791   │ missing  │ 4.59091  │ missing  │ missing  │ missing  │ missing    │
│ 9   │ missing  │ -2.90129 │ 0.0476048 │ missing  │ missing  │ missing  │ missing  │ missing  │ missing    │) 
[2021-01-14T15:16:57.149][3] 	Any[9.0, 2.0, 3.0, 1.0, 2.0]
(9×9 DataFrame
│ Row │ AAVE     │ BNB      │ BTC       │ CTK      │ ETH      │ LTC      │ SOL      │ TRX      │ YFI        │
│     │ Float64? │ Float64? │ Float64?  │ Float64? │ Float64? │ Float64? │ Float64? │ Float64? │ Float64?   │
├─────┼──────────┼──────────┼───────────┼──────────┼──────────┼──────────┼──────────┼──────────┼────────────┤
│ 1   │ missing  │ 1.62893  │ 2.48945   │ missing  │ 1.00415  │ missing  │ missing  │ missing  │ missing    │
│ 2   │ -1.62782 │ missing  │ 2.96815   │ -1.66514 │ 1.45338  │ 0.55279  │ -1.07753 │ -3.13668 │ 2.90404    │
│ 3   │ -2.48852 │ -2.96811 │ missing   │ -4.62562 │ -1.51452 │ -2.41567 │ -4.04789 │ -6.10237 │ -0.0472075 │
│ 4   │ missing  │ 1.66776  │ 4.62875   │ missing  │ missing  │ missing  │ missing  │ missing  │ missing    │
│ 5   │ -1.00261 │ -1.45328 │ 1.51456   │ missing  │ missing  │ -0.90063 │ missing  │ -4.5904  │ missing    │
│ 6   │ missing  │ -0.55206 │ 2.41578   │ missing  │ 0.901114 │ missing  │ missing  │ missing  │ missing    │
│ 7   │ missing  │ 1.08009  │ 4.04939   │ missing  │ missing  │ missing  │ missing  │ missing  │ missing    │
│ 8   │ missing  │ 3.13775  │ 6.10791   │ missing  │ 4.59091  │ missing  │ missing  │ missing  │ missing    │
│ 9   │ missing  │ -2.90129 │ 0.0476048 │ missing  │ missing  │ missing  │ missing  │ missing  │ missing    │) 
