[2021-01-14T11:04:07.955][0] 	Старт поминутного вебсокета 
[2021-01-14T11:04:58.035][0] 	Старт арбитражного вебсокета 
[2021-01-14T11:05:17.098][6] 	Арбитражный вебсокет: MethodError(var"#infile#5"{LibPQ.Connection}(PostgreSQL connection (CONNECTION_OK) with parameters:
  user = trader
  password = ********************
  dbname = quotations
  host = localhost
  port = 5432
  client_encoding = UTF8
  options = -c DateStyle=ISO,YMD -c IntervalStyle=iso_8601 -c TimeZone=UTC
  application_name = LibPQ.jl
  sslmode = prefer
  sslcompression = 0
  gssencmode = disable
  krbsrvname = postgres
  target_session_attrs = any), (RegexMatch[RegexMatch("189846566"), RegexMatch("0.00008887"), RegexMatch("2221.00000000"), RegexMatch("0.00008886"), RegexMatch("905.00000000"), RegexMatch("0.00008882"), RegexMatch("305.00000000"), RegexMatch("0.00008881"), RegexMatch("5.00000000"), RegexMatch("0.00008880"), RegexMatch("10.00000000"), RegexMatch("0.00008903"), RegexMatch("22.00000000"), RegexMatch("0.00008916"), RegexMatch("348.00000000"), RegexMatch("0.00008924"), RegexMatch("608.00000000"), RegexMatch("0.00008925"), RegexMatch("152.00000000"), RegexMatch("0.00008927"), RegexMatch("351.00000000")], nothing), 0x0000000000006d27)
				wss://stream.binance.com:9443/ws/ethbtc@depth5@100ms/bnbbtc@depth5@100ms/trxbnb@depth5@100ms/ltcbtc@depth5@100ms/solbtc@depth5@100ms
 
[2021-01-14T11:05:18.399][6] 	Арбитражный вебсокет: MethodError(var"#infile#5"{LibPQ.Connection}(PostgreSQL connection (CONNECTION_OK) with parameters:
  user = trader
  password = ********************
  dbname = quotations
  host = localhost
  port = 5432
  client_encoding = UTF8
  options = -c DateStyle=ISO,YMD -c IntervalStyle=iso_8601 -c TimeZone=UTC
  application_name = LibPQ.jl
  sslmode = prefer
  sslcompression = 0
  gssencmode = disable
  krbsrvname = postgres
  target_session_attrs = any), (RegexMatch[RegexMatch("495708385"), RegexMatch("0.85978000"), RegexMatch("0.00150000"), RegexMatch("0.85977000"), RegexMatch("0.01370000"), RegexMatch("0.85941000"), RegexMatch("0.01100000"), RegexMatch("0.85903000"), RegexMatch("0.01470000"), RegexMatch("0.85902000"), RegexMatch("0.00330000"), RegexMatch("0.86046000"), RegexMatch("0.00020000"), RegexMatch("0.86060000"), RegexMatch("0.00020000"), RegexMatch("0.86076000"), RegexMatch("0.00020000"), RegexMatch("0.86083000"), RegexMatch("0.00020000"), RegexMatch("0.86084000"), RegexMatch("0.00030000")], nothing), 0x0000000000006d27)
				wss://stream.binance.com:9443/ws/yfibtc@depth5@100ms/trxbtc@depth5@100ms/ltceth@depth5@100ms/trxeth@depth5@100ms/bnbeth@depth5@100ms
 
[2021-01-14T11:05:19.645][6] 	Арбитражный вебсокет: MethodError(var"#infile#5"{LibPQ.Connection}(PostgreSQL connection (CONNECTION_OK) with parameters:
  user = trader
  password = ********************
  dbname = quotations
  host = localhost
  port = 5432
  client_encoding = UTF8
  options = -c DateStyle=ISO,YMD -c IntervalStyle=iso_8601 -c TimeZone=UTC
  application_name = LibPQ.jl
  sslmode = prefer
  sslcompression = 0
  gssencmode = disable
  krbsrvname = postgres
  target_session_attrs = any), (RegexMatch[RegexMatch("56154046"), RegexMatch("0.00002521"), RegexMatch("205.40000000"), RegexMatch("0.00002520"), RegexMatch("66.50000000"), RegexMatch("0.00002518"), RegexMatch("263.10000000"), RegexMatch("0.00002513"), RegexMatch("3489.40000000"), RegexMatch("0.00002512"), RegexMatch("247.50000000"), RegexMatch("0.00002530"), RegexMatch("620.40000000"), RegexMatch("0.00002531"), RegexMatch("504.40000000"), RegexMatch("0.00002534"), RegexMatch("600.00000000"), RegexMatch("0.00002536"), RegexMatch("45.00000000"), RegexMatch("0.00002548"), RegexMatch("45.00000000")], nothing), 0x0000000000006d27)
				wss://stream.binance.com:9443/ws/aaveeth@depth5@100ms/aavebtc@depth5@100ms/ctkbtc@depth5@100ms/burgerbnb@depth5@100ms/ltcbnb@depth5@100ms
 
[2021-01-14T11:05:20.815][6] 	Арбитражный вебсокет: MethodError(var"#infile#5"{LibPQ.Connection}(PostgreSQL connection (CONNECTION_OK) with parameters:
  user = trader
  password = ********************
  dbname = quotations
  host = localhost
  port = 5432
  client_encoding = UTF8
  options = -c DateStyle=ISO,YMD -c IntervalStyle=iso_8601 -c TimeZone=UTC
  application_name = LibPQ.jl
  sslmode = prefer
  sslcompression = 0
  gssencmode = disable
  krbsrvname = postgres
  target_session_attrs = any), (RegexMatch[RegexMatch("29825049"), RegexMatch("3.52960000"), RegexMatch("7.49000000"), RegexMatch("3.52950000"), RegexMatch("0.08000000"), RegexMatch("3.52500000"), RegexMatch("0.04000000"), RegexMatch("3.52350000"), RegexMatch("0.11000000"), RegexMatch("3.51870000"), RegexMatch("0.09000000"), RegexMatch("3.55640000"), RegexMatch("14.31000000"), RegexMatch("3.55650000"), RegexMatch("0.54000000"), RegexMatch("3.55660000"), RegexMatch("0.09000000"), RegexMatch("3.55810000"), RegexMatch("20.00000000"), RegexMatch("3.55820000"), RegexMatch("0.08000000")], nothing), 0x0000000000006d27)
				wss://stream.binance.com:9443/ws/solbnb@depth5@100ms/yfibnb@depth5@100ms/aavebnb@depth5@100ms/cakebnb@depth5@100ms/ctkbnb@depth5@100ms
 
[2021-01-14T11:05:21.999][6] 	Арбитражный вебсокет: MethodError(var"#infile#5"{LibPQ.Connection}(PostgreSQL connection (CONNECTION_OK) with parameters:
  user = trader
  password = ********************
  dbname = quotations
  host = localhost
  port = 5432
  client_encoding = UTF8
  options = -c DateStyle=ISO,YMD -c IntervalStyle=iso_8601 -c TimeZone=UTC
  application_name = LibPQ.jl
  sslmode = prefer
  sslcompression = 0
  gssencmode = disable
  krbsrvname = postgres
  target_session_attrs = any), (RegexMatch[RegexMatch("189846683"), RegexMatch("0.00008887"), RegexMatch("538.00000000"), RegexMatch("0.00008886"), RegexMatch("1385.00000000"), RegexMatch("0.00008882"), RegexMatch("305.00000000"), RegexMatch("0.00008881"), RegexMatch("5.00000000"), RegexMatch("0.00008880"), RegexMatch("10.00000000"), RegexMatch("0.00008908"), RegexMatch("105.00000000"), RegexMatch("0.00008913"), RegexMatch("130.00000000"), RegexMatch("0.00008916"), RegexMatch("152.00000000"), RegexMatch("0.00008925"), RegexMatch("608.00000000"), RegexMatch("0.00008927"), RegexMatch("351.00000000")], nothing), 0x0000000000006d27)
				wss://stream.binance.com:9443/ws/ethbtc@depth5@100ms/bnbbtc@depth5@100ms/trxbnb@depth5@100ms/ltcbtc@depth5@100ms/solbtc@depth5@100ms
 
[2021-01-14T11:05:23.182][6] 	Арбитражный вебсокет: MethodError(var"#infile#5"{LibPQ.Connection}(PostgreSQL connection (CONNECTION_OK) with parameters:
  user = trader
  password = ********************
  dbname = quotations
  host = localhost
  port = 5432
  client_encoding = UTF8
  options = -c DateStyle=ISO,YMD -c IntervalStyle=iso_8601 -c TimeZone=UTC
  application_name = LibPQ.jl
  sslmode = prefer
  sslcompression = 0
  gssencmode = disable
  krbsrvname = postgres
  target_session_attrs = any), (RegexMatch[RegexMatch("495708522"), RegexMatch("0.85978000"), RegexMatch("0.00150000"), RegexMatch("0.85853000"), RegexMatch("0.01590000"), RegexMatch("0.85852000"), RegexMatch("0.07540000"), RegexMatch("0.85813000"), RegexMatch("0.01590000"), RegexMatch("0.85812000"), RegexMatch("0.07540000"), RegexMatch("0.86046000"), RegexMatch("0.00020000"), RegexMatch("0.86060000"), RegexMatch("0.00020000"), RegexMatch("0.86076000"), RegexMatch("0.00020000"), RegexMatch("0.86083000"), RegexMatch("0.00020000"), RegexMatch("0.86084000"), RegexMatch("0.00030000")], nothing), 0x0000000000006d27)
				wss://stream.binance.com:9443/ws/yfibtc@depth5@100ms/trxbtc@depth5@100ms/ltceth@depth5@100ms/trxeth@depth5@100ms/bnbeth@depth5@100ms
 
[2021-01-14T11:05:24.365][6] 	Арбитражный вебсокет: MethodError(var"#infile#5"{LibPQ.Connection}(PostgreSQL connection (CONNECTION_OK) with parameters:
  user = trader
  password = ********************
  dbname = quotations
  host = localhost
  port = 5432
  client_encoding = UTF8
  options = -c DateStyle=ISO,YMD -c IntervalStyle=iso_8601 -c TimeZone=UTC
  application_name = LibPQ.jl
  sslmode = prefer
  sslcompression = 0
  gssencmode = disable
  krbsrvname = postgres
  target_session_attrs = any), (RegexMatch[RegexMatch("56154104"), RegexMatch("0.00002522"), RegexMatch("39.80000000"), RegexMatch("0.00002520"), RegexMatch("66.50000000"), RegexMatch("0.00002517"), RegexMatch("247.00000000"), RegexMatch("0.00002516"), RegexMatch("695.70000000"), RegexMatch("0.00002513"), RegexMatch("550.00000000"), RegexMatch("0.00002530"), RegexMatch("400.90000000"), RegexMatch("0.00002531"), RegexMatch("504.40000000"), RegexMatch("0.00002536"), RegexMatch("45.00000000"), RegexMatch("0.00002548"), RegexMatch("45.00000000"), RegexMatch("0.00002561"), RegexMatch("45.00000000")], nothing), 0x0000000000006d27)
				wss://stream.binance.com:9443/ws/aaveeth@depth5@100ms/aavebtc@depth5@100ms/ctkbtc@depth5@100ms/burgerbnb@depth5@100ms/ltcbnb@depth5@100ms
 
[2021-01-14T11:05:25.565][6] 	Арбитражный вебсокет: MethodError(var"#infile#5"{LibPQ.Connection}(PostgreSQL connection (CONNECTION_OK) with parameters:
  user = trader
  password = ********************
  dbname = quotations
  host = localhost
  port = 5432
  client_encoding = UTF8
  options = -c DateStyle=ISO,YMD -c IntervalStyle=iso_8601 -c TimeZone=UTC
  application_name = LibPQ.jl
  sslmode = prefer
  sslcompression = 0
  gssencmode = disable
  krbsrvname = postgres
  target_session_attrs = any), (RegexMatch[RegexMatch("29825055"), RegexMatch("3.52960000"), RegexMatch("12.62000000"), RegexMatch("3.52950000"), RegexMatch("0.08000000"), RegexMatch("3.52500000"), RegexMatch("0.04000000"), RegexMatch("3.52350000"), RegexMatch("0.11000000"), RegexMatch("3.51870000"), RegexMatch("0.09000000"), RegexMatch("3.55640000"), RegexMatch("14.31000000"), RegexMatch("3.55650000"), RegexMatch("0.54000000"), RegexMatch("3.55660000"), RegexMatch("0.09000000"), RegexMatch("3.55810000"), RegexMatch("20.00000000"), RegexMatch("3.55820000"), RegexMatch("0.08000000")], nothing), 0x0000000000006d27)
				wss://stream.binance.com:9443/ws/solbnb@depth5@100ms/yfibnb@depth5@100ms/aavebnb@depth5@100ms/cakebnb@depth5@100ms/ctkbnb@depth5@100ms
 
[2021-01-14T11:05:26.755][6] 	Арбитражный вебсокет: MethodError(var"#infile#5"{LibPQ.Connection}(PostgreSQL connection (CONNECTION_OK) with parameters:
  user = trader
  password = ********************
  dbname = quotations
  host = localhost
  port = 5432
  client_encoding = UTF8
  options = -c DateStyle=ISO,YMD -c IntervalStyle=iso_8601 -c TimeZone=UTC
  application_name = LibPQ.jl
  sslmode = prefer
  sslcompression = 0
  gssencmode = disable
  krbsrvname = postgres
  target_session_attrs = any), (RegexMatch[RegexMatch("495708847"), RegexMatch("0.85763000"), RegexMatch("0.07000000"), RegexMatch("0.85762000"), RegexMatch("0.00910000"), RegexMatch("0.85666000"), RegexMatch("0.00020000"), RegexMatch("0.85663000"), RegexMatch("0.02510000"), RegexMatch("0.85662000"), RegexMatch("0.12000000"), RegexMatch("0.85899000"), RegexMatch("0.01100000"), RegexMatch("0.85918000"), RegexMatch("0.08240000"), RegexMatch("0.85957000"), RegexMatch("0.07520000"), RegexMatch("0.85986000"), RegexMatch("0.01340000"), RegexMatch("0.85987000"), RegexMatch("0.06310000")], nothing), 0x0000000000006d27)
				wss://stream.binance.com:9443/ws/yfibtc@depth5@100ms/trxbtc@depth5@100ms/ltceth@depth5@100ms/trxeth@depth5@100ms/bnbeth@depth5@100ms
 
[2021-01-14T11:05:27.939][6] 	Арбитражный вебсокет: MethodError(var"#infile#5"{LibPQ.Connection}(PostgreSQL connection (CONNECTION_OK) with parameters:
  user = trader
  password = ********************
  dbname = quotations
  host = localhost
  port = 5432
  client_encoding = UTF8
  options = -c DateStyle=ISO,YMD -c IntervalStyle=iso_8601 -c TimeZone=UTC
  application_name = LibPQ.jl
  sslmode = prefer
  sslcompression = 0
  gssencmode = disable
  krbsrvname = postgres
  target_session_attrs = any), (RegexMatch[RegexMatch("189846732"), RegexMatch("0.00008883"), RegexMatch("844.00000000"), RegexMatch("0.00008882"), RegexMatch("305.00000000"), RegexMatch("0.00008881"), RegexMatch("5.00000000"), RegexMatch("0.00008880"), RegexMatch("10.00000000"), RegexMatch("0.00008878"), RegexMatch("152.00000000"), RegexMatch("0.00008907"), RegexMatch("14.00000000"), RegexMatch("0.00008908"), RegexMatch("105.00000000"), RegexMatch("0.00008910"), RegexMatch("130.00000000"), RegexMatch("0.00008912"), RegexMatch("179.00000000"), RegexMatch("0.00008914"), RegexMatch("420.00000000")], nothing), 0x0000000000006d27)
				wss://stream.binance.com:9443/ws/ethbtc@depth5@100ms/bnbbtc@depth5@100ms/trxbnb@depth5@100ms/ltcbtc@depth5@100ms/solbtc@depth5@100ms
 
[2021-01-14T11:05:29.117][6] 	Арбитражный вебсокет: MethodError(var"#infile#5"{LibPQ.Connection}(PostgreSQL connection (CONNECTION_OK) with parameters:
  user = trader
  password = ********************
  dbname = quotations
  host = localhost
  port = 5432
  client_encoding = UTF8
  options = -c DateStyle=ISO,YMD -c IntervalStyle=iso_8601 -c TimeZone=UTC
  application_name = LibPQ.jl
  sslmode = prefer
  sslcompression = 0
  gssencmode = disable
  krbsrvname = postgres
  target_session_attrs = any), (RegexMatch[RegexMatch("56154157"), RegexMatch("0.00002521"), RegexMatch("39.80000000"), RegexMatch("0.00002520"), RegexMatch("406.00000000"), RegexMatch("0.00002516"), RegexMatch("695.70000000"), RegexMatch("0.00002513"), RegexMatch("550.00000000"), RegexMatch("0.00002511"), RegexMatch("45.00000000"), RegexMatch("0.00002530"), RegexMatch("400.90000000"), RegexMatch("0.00002531"), RegexMatch("504.40000000"), RegexMatch("0.00002536"), RegexMatch("45.00000000"), RegexMatch("0.00002548"), RegexMatch("45.00000000"), RegexMatch("0.00002561"), RegexMatch("45.00000000")], nothing), 0x0000000000006d27)
				wss://stream.binance.com:9443/ws/aaveeth@depth5@100ms/aavebtc@depth5@100ms/ctkbtc@depth5@100ms/burgerbnb@depth5@100ms/ltcbnb@depth5@100ms
 
[2021-01-14T11:05:30.288][6] 	Арбитражный вебсокет: MethodError(var"#infile#5"{LibPQ.Connection}(PostgreSQL connection (CONNECTION_OK) with parameters:
  user = trader
  password = ********************
  dbname = quotations
  host = localhost
  port = 5432
  client_encoding = UTF8
  options = -c DateStyle=ISO,YMD -c IntervalStyle=iso_8601 -c TimeZone=UTC
  application_name = LibPQ.jl
  sslmode = prefer
  sslcompression = 0
  gssencmode = disable
  krbsrvname = postgres
  target_session_attrs = any), (RegexMatch[RegexMatch("16345329"), RegexMatch("0.01452000"), RegexMatch("66.30000000"), RegexMatch("0.01451000"), RegexMatch("212.30000000"), RegexMatch("0.01450000"), RegexMatch("242.80000000"), RegexMatch("0.01449000"), RegexMatch("17253.30000000"), RegexMatch("0.01448000"), RegexMatch("1701.30000000"), RegexMatch("0.01460000"), RegexMatch("89.90000000"), RegexMatch("0.01461000"), RegexMatch("546.90000000"), RegexMatch("0.01462000"), RegexMatch("2429.60000000"), RegexMatch("0.01463000"), RegexMatch("91.90000000"), RegexMatch("0.01465000"), RegexMatch("107.80000000")], nothing), 0x0000000000006d27)
				wss://stream.binance.com:9443/ws/solbnb@depth5@100ms/yfibnb@depth5@100ms/aavebnb@depth5@100ms/cakebnb@depth5@100ms/ctkbnb@depth5@100ms
 
[2021-01-14T11:05:31.487][6] 	Арбитражный вебсокет: MethodError(var"#infile#5"{LibPQ.Connection}(PostgreSQL connection (CONNECTION_OK) with parameters:
  user = trader
  password = ********************
  dbname = quotations
  host = localhost
  port = 5432
  client_encoding = UTF8
  options = -c DateStyle=ISO,YMD -c IntervalStyle=iso_8601 -c TimeZone=UTC
  application_name = LibPQ.jl
  sslmode = prefer
  sslcompression = 0
  gssencmode = disable
  krbsrvname = postgres
  target_session_attrs = any), (RegexMatch[RegexMatch("495709110"), RegexMatch("0.85719000"), RegexMatch("0.01100000"), RegexMatch("0.85709000"), RegexMatch("0.00970000"), RegexMatch("0.85668000"), RegexMatch("0.00310000"), RegexMatch("0.85666000"), RegexMatch("0.00020000"), RegexMatch("0.85662000"), RegexMatch("0.12000000"), RegexMatch("0.85957000"), RegexMatch("0.01100000"), RegexMatch("0.85976000"), RegexMatch("0.07440000"), RegexMatch("0.85985000"), RegexMatch("0.03500000"), RegexMatch("0.85987000"), RegexMatch("0.12000000"), RegexMatch("0.86062000"), RegexMatch("0.01890000")], nothing), 0x0000000000006d27)
				wss://stream.binance.com:9443/ws/yfibtc@depth5@100ms/trxbtc@depth5@100ms/ltceth@depth5@100ms/trxeth@depth5@100ms/bnbeth@depth5@100ms
 
[2021-01-14T11:05:32.739][6] 	Арбитражный вебсокет: MethodError(var"#infile#5"{LibPQ.Connection}(PostgreSQL connection (CONNECTION_OK) with parameters:
  user = trader
  password = ********************
  dbname = quotations
  host = localhost
  port = 5432
  client_encoding = UTF8
  options = -c DateStyle=ISO,YMD -c IntervalStyle=iso_8601 -c TimeZone=UTC
  application_name = LibPQ.jl
  sslmode = prefer
  sslcompression = 0
  gssencmode = disable
  krbsrvname = postgres
  target_session_attrs = any), (RegexMatch[RegexMatch("189846771"), RegexMatch("0.00008886"), RegexMatch("2221.00000000"), RegexMatch("0.00008885"), RegexMatch("609.00000000"), RegexMatch("0.00008884"), RegexMatch("538.00000000"), RegexMatch("0.00008883"), RegexMatch("609.00000000"), RegexMatch("0.00008881"), RegexMatch("5.00000000"), RegexMatch("0.00008902"), RegexMatch("22.00000000"), RegexMatch("0.00008908"), RegexMatch("105.00000000"), RegexMatch("0.00008913"), RegexMatch("130.00000000"), RegexMatch("0.00008916"), RegexMatch("152.00000000"), RegexMatch("0.00008925"), RegexMatch("608.00000000")], nothing), 0x0000000000006d27)
				wss://stream.binance.com:9443/ws/ethbtc@depth5@100ms/bnbbtc@depth5@100ms/trxbnb@depth5@100ms/ltcbtc@depth5@100ms/solbtc@depth5@100ms
 
[2021-01-14T11:05:33.939][6] 	Арбитражный вебсокет: MethodError(var"#infile#5"{LibPQ.Connection}(PostgreSQL connection (CONNECTION_OK) with parameters:
  user = trader
  password = ********************
  dbname = quotations
  host = localhost
  port = 5432
  client_encoding = UTF8
  options = -c DateStyle=ISO,YMD -c IntervalStyle=iso_8601 -c TimeZone=UTC
  application_name = LibPQ.jl
  sslmode = prefer
  sslcompression = 0
  gssencmode = disable
  krbsrvname = postgres
  target_session_attrs = any), (RegexMatch[RegexMatch("56154221"), RegexMatch("0.00002521"), RegexMatch("39.80000000"), RegexMatch("0.00002520"), RegexMatch("652.80000000"), RegexMatch("0.00002518"), RegexMatch("2600.80000000"), RegexMatch("0.00002513"), RegexMatch("550.00000000"), RegexMatch("0.00002511"), RegexMatch("45.00000000"), RegexMatch("0.00002530"), RegexMatch("400.90000000"), RegexMatch("0.00002531"), RegexMatch("504.40000000"), RegexMatch("0.00002536"), RegexMatch("45.00000000"), RegexMatch("0.00002548"), RegexMatch("45.00000000"), RegexMatch("0.00002561"), RegexMatch("45.00000000")], nothing), 0x0000000000006d27)
				wss://stream.binance.com:9443/ws/aaveeth@depth5@100ms/aavebtc@depth5@100ms/ctkbtc@depth5@100ms/burgerbnb@depth5@100ms/ltcbnb@depth5@100ms
 
[2021-01-14T11:05:35.138][6] 	Арбитражный вебсокет: MethodError(var"#infile#5"{LibPQ.Connection}(PostgreSQL connection (CONNECTION_OK) with parameters:
  user = trader
  password = ********************
  dbname = quotations
  host = localhost
  port = 5432
  client_encoding = UTF8
  options = -c DateStyle=ISO,YMD -c IntervalStyle=iso_8601 -c TimeZone=UTC
  application_name = LibPQ.jl
  sslmode = prefer
  sslcompression = 0
  gssencmode = disable
  krbsrvname = postgres
  target_session_attrs = any), (RegexMatch[RegexMatch("29825063"), RegexMatch("3.52970000"), RegexMatch("39.44000000"), RegexMatch("3.52960000"), RegexMatch("7.49000000"), RegexMatch("3.52950000"), RegexMatch("0.08000000"), RegexMatch("3.52500000"), RegexMatch("0.04000000"), RegexMatch("3.52350000"), RegexMatch("0.11000000"), RegexMatch("3.55640000"), RegexMatch("14.31000000"), RegexMatch("3.55650000"), RegexMatch("0.54000000"), RegexMatch("3.55660000"), RegexMatch("0.09000000"), RegexMatch("3.55810000"), RegexMatch("20.00000000"), RegexMatch("3.55820000"), RegexMatch("0.08000000")], nothing), 0x0000000000006d27)
				wss://stream.binance.com:9443/ws/solbnb@depth5@100ms/yfibnb@depth5@100ms/aavebnb@depth5@100ms/cakebnb@depth5@100ms/ctkbnb@depth5@100ms
 
[2021-01-14T11:05:36.333][6] 	Арбитражный вебсокет: MethodError(var"#infile#5"{LibPQ.Connection}(PostgreSQL connection (CONNECTION_OK) with parameters:
  user = trader
  password = ********************
  dbname = quotations
  host = localhost
  port = 5432
  client_encoding = UTF8
  options = -c DateStyle=ISO,YMD -c IntervalStyle=iso_8601 -c TimeZone=UTC
  application_name = LibPQ.jl
  sslmode = prefer
  sslcompression = 0
  gssencmode = disable
  krbsrvname = postgres
  target_session_attrs = any), (RegexMatch[RegexMatch("495709222"), RegexMatch("0.85715000"), RegexMatch("0.00150000"), RegexMatch("0.85714000"), RegexMatch("0.00330000"), RegexMatch("0.85713000"), RegexMatch("0.01100000"), RegexMatch("0.85709000"), RegexMatch("0.00970000"), RegexMatch("0.85668000"), RegexMatch("0.00310000"), RegexMatch("0.85912000"), RegexMatch("0.01100000"), RegexMatch("0.85913000"), RegexMatch("0.07840000"), RegexMatch("0.85931000"), RegexMatch("0.07680000"), RegexMatch("0.85956000"), RegexMatch("0.07680000"), RegexMatch("0.85976000"), RegexMatch("0.07440000")], nothing), 0x0000000000006d27)
				wss://stream.binance.com:9443/ws/yfibtc@depth5@100ms/trxbtc@depth5@100ms/ltceth@depth5@100ms/trxeth@depth5@100ms/bnbeth@depth5@100ms
 
[2021-01-14T11:05:37.517][6] 	Арбитражный вебсокет: MethodError(var"#infile#5"{LibPQ.Connection}(PostgreSQL connection (CONNECTION_OK) with parameters:
  user = trader
  password = ********************
  dbname = quotations
  host = localhost
  port = 5432
  client_encoding = UTF8
  options = -c DateStyle=ISO,YMD -c IntervalStyle=iso_8601 -c TimeZone=UTC
  application_name = LibPQ.jl
  sslmode = prefer
  sslcompression = 0
  gssencmode = disable
  krbsrvname = postgres
  target_session_attrs = any), (RegexMatch[RegexMatch("189846802"), RegexMatch("0.00008888"), RegexMatch("2120.00000000"), RegexMatch("0.00008887"), RegexMatch("538.00000000"), RegexMatch("0.00008885"), RegexMatch("913.00000000"), RegexMatch("0.00008883"), RegexMatch("305.00000000"), RegexMatch("0.00008881"), RegexMatch("5.00000000"), RegexMatch("0.00008902"), RegexMatch("22.00000000"), RegexMatch("0.00008913"), RegexMatch("130.00000000"), RegexMatch("0.00008916"), RegexMatch("152.00000000"), RegexMatch("0.00008927"), RegexMatch("351.00000000"), RegexMatch("0.00008931"), RegexMatch("135.00000000")], nothing), 0x0000000000006d27)
				wss://stream.binance.com:9443/ws/ethbtc@depth5@100ms/bnbbtc@depth5@100ms/trxbnb@depth5@100ms/ltcbtc@depth5@100ms/solbtc@depth5@100ms
 
[2021-01-14T11:05:38.788][6] 	Арбитражный вебсокет: MethodError(var"#infile#5"{LibPQ.Connection}(PostgreSQL connection (CONNECTION_OK) with parameters:
  user = trader
  password = ********************
  dbname = quotations
  host = localhost
  port = 5432
  client_encoding = UTF8
  options = -c DateStyle=ISO,YMD -c IntervalStyle=iso_8601 -c TimeZone=UTC
  application_name = LibPQ.jl
  sslmode = prefer
  sslcompression = 0
  gssencmode = disable
  krbsrvname = postgres
  target_session_attrs = any), (RegexMatch[RegexMatch("56154286"), RegexMatch("0.00002522"), RegexMatch("39.80000000"), RegexMatch("0.00002521"), RegexMatch("66.40000000"), RegexMatch("0.00002519"), RegexMatch("12.30000000"), RegexMatch("0.00002515"), RegexMatch("247.20000000"), RegexMatch("0.00002514"), RegexMatch("4313.70000000"), RegexMatch("0.00002530"), RegexMatch("400.90000000"), RegexMatch("0.00002531"), RegexMatch("504.40000000"), RegexMatch("0.00002536"), RegexMatch("45.00000000"), RegexMatch("0.00002548"), RegexMatch("45.00000000"), RegexMatch("0.00002561"), RegexMatch("45.00000000")], nothing), 0x0000000000006d27)
				wss://stream.binance.com:9443/ws/aaveeth@depth5@100ms/aavebtc@depth5@100ms/ctkbtc@depth5@100ms/burgerbnb@depth5@100ms/ltcbnb@depth5@100ms
 
[2021-01-14T11:05:39.962][6] 	Арбитражный вебсокет: MethodError(var"#infile#5"{LibPQ.Connection}(PostgreSQL connection (CONNECTION_OK) with parameters:
  user = trader
  password = ********************
  dbname = quotations
  host = localhost
  port = 5432
  client_encoding = UTF8
  options = -c DateStyle=ISO,YMD -c IntervalStyle=iso_8601 -c TimeZone=UTC
  application_name = LibPQ.jl
  sslmode = prefer
  sslcompression = 0
  gssencmode = disable
  krbsrvname = postgres
  target_session_attrs = any), (RegexMatch[RegexMatch("495709386"), RegexMatch("0.85722000"), RegexMatch("0.01100000"), RegexMatch("0.85720000"), RegexMatch("0.00280000"), RegexMatch("0.85710000"), RegexMatch("0.00220000"), RegexMatch("0.85709000"), RegexMatch("0.00970000"), RegexMatch("0.85668000"), RegexMatch("0.00310000"), RegexMatch("0.85918000"), RegexMatch("0.01100000"), RegexMatch("0.85930000"), RegexMatch("0.01360000"), RegexMatch("0.85974000"), RegexMatch("0.01520000"), RegexMatch("0.85985000"), RegexMatch("0.03500000"), RegexMatch("0.85986000"), RegexMatch("0.02520000")], nothing), 0x0000000000006d27)
				wss://stream.binance.com:9443/ws/yfibtc@depth5@100ms/trxbtc@depth5@100ms/ltceth@depth5@100ms/trxeth@depth5@100ms/bnbeth@depth5@100ms
 
[2021-01-14T11:05:41.153][6] 	Арбитражный вебсокет: MethodError(var"#infile#5"{LibPQ.Connection}(PostgreSQL connection (CONNECTION_OK) with parameters:
  user = trader
  password = ********************
  dbname = quotations
  host = localhost
  port = 5432
  client_encoding = UTF8
  options = -c DateStyle=ISO,YMD -c IntervalStyle=iso_8601 -c TimeZone=UTC
  application_name = LibPQ.jl
  sslmode = prefer
  sslcompression = 0
  gssencmode = disable
  krbsrvname = postgres
  target_session_attrs = any), (RegexMatch[RegexMatch("16345333"), RegexMatch("0.01452000"), RegexMatch("66.30000000"), RegexMatch("0.01451000"), RegexMatch("212.30000000"), RegexMatch("0.01450000"), RegexMatch("242.80000000"), RegexMatch("0.01449000"), RegexMatch("17253.30000000"), RegexMatch("0.01448000"), RegexMatch("1701.30000000"), RegexMatch("0.01460000"), RegexMatch("89.90000000"), RegexMatch("0.01461000"), RegexMatch("546.90000000"), RegexMatch("0.01462000"), RegexMatch("2429.60000000"), RegexMatch("0.01463000"), RegexMatch("91.90000000"), RegexMatch("0.01465000"), RegexMatch("107.80000000")], nothing), 0x0000000000006d27)
				wss://stream.binance.com:9443/ws/solbnb@depth5@100ms/yfibnb@depth5@100ms/aavebnb@depth5@100ms/cakebnb@depth5@100ms/ctkbnb@depth5@100ms
 
[2021-01-14T11:05:42.348][6] 	Арбитражный вебсокет: MethodError(var"#infile#5"{LibPQ.Connection}(PostgreSQL connection (CONNECTION_OK) with parameters:
  user = trader
  password = ********************
  dbname = quotations
  host = localhost
  port = 5432
  client_encoding = UTF8
  options = -c DateStyle=ISO,YMD -c IntervalStyle=iso_8601 -c TimeZone=UTC
  application_name = LibPQ.jl
  sslmode = prefer
  sslcompression = 0
  gssencmode = disable
  krbsrvname = postgres
  target_session_attrs = any), (RegexMatch[RegexMatch("189846884"), RegexMatch("0.00008888"), RegexMatch("1188.00000000"), RegexMatch("0.00008887"), RegexMatch("371.00000000"), RegexMatch("0.00008885"), RegexMatch("913.00000000"), RegexMatch("0.00008883"), RegexMatch("305.00000000"), RegexMatch("0.00008881"), RegexMatch("5.00000000"), RegexMatch("0.00008914"), RegexMatch("130.00000000"), RegexMatch("0.00008927"), RegexMatch("572.00000000"), RegexMatch("0.00008932"), RegexMatch("1388.00000000"), RegexMatch("0.00008936"), RegexMatch("13.00000000"), RegexMatch("0.00008938"), RegexMatch("135.00000000")], nothing), 0x0000000000006d27)
				wss://stream.binance.com:9443/ws/ethbtc@depth5@100ms/bnbbtc@depth5@100ms/trxbnb@depth5@100ms/ltcbtc@depth5@100ms/solbtc@depth5@100ms
 
[2021-01-14T11:05:43.521][6] 	Арбитражный вебсокет: MethodError(var"#infile#5"{LibPQ.Connection}(PostgreSQL connection (CONNECTION_OK) with parameters:
  user = trader
  password = ********************
  dbname = quotations
  host = localhost
  port = 5432
  client_encoding = UTF8
  options = -c DateStyle=ISO,YMD -c IntervalStyle=iso_8601 -c TimeZone=UTC
  application_name = LibPQ.jl
  sslmode = prefer
  sslcompression = 0
  gssencmode = disable
  krbsrvname = postgres
  target_session_attrs = any), (RegexMatch[RegexMatch("36539476"), RegexMatch("0.12393000"), RegexMatch("28.97600000"), RegexMatch("0.12392000"), RegexMatch("20.61600000"), RegexMatch("0.12385000"), RegexMatch("0.11400000"), RegexMatch("0.12383000"), RegexMatch("0.09000000"), RegexMatch("0.12378000"), RegexMatch("0.16900000"), RegexMatch("0.12426000"), RegexMatch("7.29100000"), RegexMatch("0.12433000"), RegexMatch("20.62000000"), RegexMatch("0.12438000"), RegexMatch("0.16800000"), RegexMatch("0.12450000"), RegexMatch("25.00000000"), RegexMatch("0.12453000"), RegexMatch("20.61400000")], nothing), 0x0000000000006d27)
				wss://stream.binance.com:9443/ws/aaveeth@depth5@100ms/aavebtc@depth5@100ms/ctkbtc@depth5@100ms/burgerbnb@depth5@100ms/ltcbnb@depth5@100ms
 
[2021-01-14T11:05:44.702][6] 	Арбитражный вебсокет: MethodError(var"#infile#5"{LibPQ.Connection}(PostgreSQL connection (CONNECTION_OK) with parameters:
  user = trader
  password = ********************
  dbname = quotations
  host = localhost
  port = 5432
  client_encoding = UTF8
  options = -c DateStyle=ISO,YMD -c IntervalStyle=iso_8601 -c TimeZone=UTC
  application_name = LibPQ.jl
  sslmode = prefer
  sslcompression = 0
  gssencmode = disable
  krbsrvname = postgres
  target_session_attrs = any), (RegexMatch[RegexMatch("495709587"), RegexMatch("0.85741000"), RegexMatch("0.00280000"), RegexMatch("0.85740000"), RegexMatch("0.00150000"), RegexMatch("0.85737000"), RegexMatch("0.00240000"), RegexMatch("0.85736000"), RegexMatch("0.01360000"), RegexMatch("0.85710000"), RegexMatch("0.00220000"), RegexMatch("0.85930000"), RegexMatch("0.01360000"), RegexMatch("0.85973000"), RegexMatch("0.00530000"), RegexMatch("0.85974000"), RegexMatch("0.02560000"), RegexMatch("0.85975000"), RegexMatch("0.01750000"), RegexMatch("0.85976000"), RegexMatch("0.08240000")], nothing), 0x0000000000006d27)
				wss://stream.binance.com:9443/ws/yfibtc@depth5@100ms/trxbtc@depth5@100ms/ltceth@depth5@100ms/trxeth@depth5@100ms/bnbeth@depth5@100ms
 
[2021-01-14T11:05:45.879][6] 	Арбитражный вебсокет: MethodError(var"#infile#5"{LibPQ.Connection}(PostgreSQL connection (CONNECTION_OK) with parameters:
  user = trader
  password = ********************
  dbname = quotations
  host = localhost
  port = 5432
  client_encoding = UTF8
  options = -c DateStyle=ISO,YMD -c IntervalStyle=iso_8601 -c TimeZone=UTC
  application_name = LibPQ.jl
  sslmode = prefer
  sslcompression = 0
  gssencmode = disable
  krbsrvname = postgres
  target_session_attrs = any), (RegexMatch[RegexMatch("16345337"), RegexMatch("0.01451000"), RegexMatch("212.30000000"), RegexMatch("0.01450000"), RegexMatch("242.80000000"), RegexMatch("0.01449000"), RegexMatch("17253.30000000"), RegexMatch("0.01448000"), RegexMatch("1701.30000000"), RegexMatch("0.01446000"), RegexMatch("10.00000000"), RegexMatch("0.01460000"), RegexMatch("89.90000000"), RegexMatch("0.01461000"), RegexMatch("546.90000000"), RegexMatch("0.01462000"), RegexMatch("2429.60000000"), RegexMatch("0.01463000"), RegexMatch("91.90000000"), RegexMatch("0.01465000"), RegexMatch("107.80000000")], nothing), 0x0000000000006d27)
				wss://stream.binance.com:9443/ws/solbnb@depth5@100ms/yfibnb@depth5@100ms/aavebnb@depth5@100ms/cakebnb@depth5@100ms/ctkbnb@depth5@100ms
 
[2021-01-14T11:05:47.046][6] 	Арбитражный вебсокет: MethodError(var"#infile#5"{LibPQ.Connection}(PostgreSQL connection (CONNECTION_OK) with parameters:
  user = trader
  password = ********************
  dbname = quotations
  host = localhost
  port = 5432
  client_encoding = UTF8
  options = -c DateStyle=ISO,YMD -c IntervalStyle=iso_8601 -c TimeZone=UTC
  application_name = LibPQ.jl
  sslmode = prefer
  sslcompression = 0
  gssencmode = disable
  krbsrvname = postgres
  target_session_attrs = any), (RegexMatch[RegexMatch("189847013"), RegexMatch("0.00008891"), RegexMatch("682.00000000"), RegexMatch("0.00008890"), RegexMatch("470.00000000"), RegexMatch("0.00008889"), RegexMatch("153.00000000"), RegexMatch("0.00008887"), RegexMatch("371.00000000"), RegexMatch("0.00008884"), RegexMatch("70.00000000"), RegexMatch("0.00008926"), RegexMatch("14.00000000"), RegexMatch("0.00008927"), RegexMatch("431.00000000"), RegexMatch("0.00008932"), RegexMatch("609.00000000"), RegexMatch("0.00008936"), RegexMatch("13.00000000"), RegexMatch("0.00008938"), RegexMatch("135.00000000")], nothing), 0x0000000000006d27)
				wss://stream.binance.com:9443/ws/ethbtc@depth5@100ms/bnbbtc@depth5@100ms/trxbnb@depth5@100ms/ltcbtc@depth5@100ms/solbtc@depth5@100ms
 
[2021-01-14T11:05:48.245][6] 	Арбитражный вебсокет: MethodError(var"#infile#5"{LibPQ.Connection}(PostgreSQL connection (CONNECTION_OK) with parameters:
  user = trader
  password = ********************
  dbname = quotations
  host = localhost
  port = 5432
  client_encoding = UTF8
  options = -c DateStyle=ISO,YMD -c IntervalStyle=iso_8601 -c TimeZone=UTC
  application_name = LibPQ.jl
  sslmode = prefer
  sslcompression = 0
  gssencmode = disable
  krbsrvname = postgres
  target_session_attrs = any), (RegexMatch[RegexMatch("56154397"), RegexMatch("0.00002523"), RegexMatch("39.80000000"), RegexMatch("0.00002522"), RegexMatch("581.90000000"), RegexMatch("0.00002521"), RegexMatch("66.40000000"), RegexMatch("0.00002514"), RegexMatch("619.40000000"), RegexMatch("0.00002511"), RegexMatch("45.00000000"), RegexMatch("0.00002530"), RegexMatch("400.90000000"), RegexMatch("0.00002531"), RegexMatch("19.80000000"), RegexMatch("0.00002536"), RegexMatch("45.00000000"), RegexMatch("0.00002548"), RegexMatch("45.00000000"), RegexMatch("0.00002561"), RegexMatch("204.50000000")], nothing), 0x0000000000006d27)
				wss://stream.binance.com:9443/ws/aaveeth@depth5@100ms/aavebtc@depth5@100ms/ctkbtc@depth5@100ms/burgerbnb@depth5@100ms/ltcbnb@depth5@100ms
 
[2021-01-14T11:05:49.423][6] 	Арбитражный вебсокет: MethodError(var"#infile#5"{LibPQ.Connection}(PostgreSQL connection (CONNECTION_OK) with parameters:
  user = trader
  password = ********************
  dbname = quotations
  host = localhost
  port = 5432
  client_encoding = UTF8
  options = -c DateStyle=ISO,YMD -c IntervalStyle=iso_8601 -c TimeZone=UTC
  application_name = LibPQ.jl
  sslmode = prefer
  sslcompression = 0
  gssencmode = disable
  krbsrvname = postgres
  target_session_attrs = any), (RegexMatch[RegexMatch("495709792"), RegexMatch("0.85731000"), RegexMatch("0.00140000"), RegexMatch("0.85730000"), RegexMatch("0.00150000"), RegexMatch("0.85729000"), RegexMatch("0.00270000"), RegexMatch("0.85728000"), RegexMatch("0.01100000"), RegexMatch("0.85712000"), RegexMatch("0.00510000"), RegexMatch("0.85926000"), RegexMatch("0.01100000"), RegexMatch("0.85930000"), RegexMatch("0.01360000"), RegexMatch("0.85974000"), RegexMatch("0.07680000"), RegexMatch("0.85997000"), RegexMatch("0.44840000"), RegexMatch("0.85998000"), RegexMatch("0.07840000")], nothing), 0x0000000000006d27)
				wss://stream.binance.com:9443/ws/yfibtc@depth5@100ms/trxbtc@depth5@100ms/ltceth@depth5@100ms/trxeth@depth5@100ms/bnbeth@depth5@100ms
 
[2021-01-14T11:05:50.603][6] 	Арбитражный вебсокет: MethodError(var"#infile#5"{LibPQ.Connection}(PostgreSQL connection (CONNECTION_OK) with parameters:
  user = trader
  password = ********************
  dbname = quotations
  host = localhost
  port = 5432
  client_encoding = UTF8
  options = -c DateStyle=ISO,YMD -c IntervalStyle=iso_8601 -c TimeZone=UTC
  application_name = LibPQ.jl
  sslmode = prefer
  sslcompression = 0
  gssencmode = disable
  krbsrvname = postgres
  target_session_attrs = any), (RegexMatch[RegexMatch("189847072"), RegexMatch("0.00008897"), RegexMatch("7.00000000"), RegexMatch("0.00008891"), RegexMatch("2227.00000000"), RegexMatch("0.00008890"), RegexMatch("448.00000000"), RegexMatch("0.00008889"), RegexMatch("1066.00000000"), RegexMatch("0.00008885"), RegexMatch("152.00000000"), RegexMatch("0.00008913"), RegexMatch("14.00000000"), RegexMatch("0.00008914"), RegexMatch("130.00000000"), RegexMatch("0.00008915"), RegexMatch("141.00000000"), RegexMatch("0.00008923"), RegexMatch("226.00000000"), RegexMatch("0.00008927"), RegexMatch("525.00000000")], nothing), 0x0000000000006d27)
				wss://stream.binance.com:9443/ws/ethbtc@depth5@100ms/bnbbtc@depth5@100ms/trxbnb@depth5@100ms/ltcbtc@depth5@100ms/solbtc@depth5@100ms
 
[2021-01-14T11:05:51.792][6] 	Арбитражный вебсокет: MethodError(var"#infile#5"{LibPQ.Connection}(PostgreSQL connection (CONNECTION_OK) with parameters:
  user = trader
  password = ********************
  dbname = quotations
  host = localhost
  port = 5432
  client_encoding = UTF8
  options = -c DateStyle=ISO,YMD -c IntervalStyle=iso_8601 -c TimeZone=UTC
  application_name = LibPQ.jl
  sslmode = prefer
  sslcompression = 0
  gssencmode = disable
  krbsrvname = postgres
  target_session_attrs = any), (RegexMatch[RegexMatch("29825065"), RegexMatch("3.52960000"), RegexMatch("7.49000000"), RegexMatch("3.52950000"), RegexMatch("0.08000000"), RegexMatch("3.52500000"), RegexMatch("0.04000000"), RegexMatch("3.52350000"), RegexMatch("0.11000000"), RegexMatch("3.51870000"), RegexMatch("15.14000000"), RegexMatch("3.55640000"), RegexMatch("14.31000000"), RegexMatch("3.55650000"), RegexMatch("0.54000000"), RegexMatch("3.55660000"), RegexMatch("0.09000000"), RegexMatch("3.55810000"), RegexMatch("20.00000000"), RegexMatch("3.55820000"), RegexMatch("0.08000000")], nothing), 0x0000000000006d27)
				wss://stream.binance.com:9443/ws/solbnb@depth5@100ms/yfibnb@depth5@100ms/aavebnb@depth5@100ms/cakebnb@depth5@100ms/ctkbnb@depth5@100ms
 
[2021-01-14T11:05:52.972][6] 	Арбитражный вебсокет: MethodError(var"#infile#5"{LibPQ.Connection}(PostgreSQL connection (CONNECTION_OK) with parameters:
  user = trader
  password = ********************
  dbname = quotations
  host = localhost
  port = 5432
  client_encoding = UTF8
  options = -c DateStyle=ISO,YMD -c IntervalStyle=iso_8601 -c TimeZone=UTC
  application_name = LibPQ.jl
  sslmode = prefer
  sslcompression = 0
  gssencmode = disable
  krbsrvname = postgres
  target_session_attrs = any), (RegexMatch[RegexMatch("79834631"), RegexMatch("0.00377100"), RegexMatch("6.75000000"), RegexMatch("0.00376800"), RegexMatch("6.43000000"), RegexMatch("0.00376700"), RegexMatch("20.62000000"), RegexMatch("0.00376600"), RegexMatch("9.16000000"), RegexMatch("0.00376500"), RegexMatch("28.28000000"), RegexMatch("0.00377500"), RegexMatch("6.69000000"), RegexMatch("0.00377600"), RegexMatch("0.06000000"), RegexMatch("0.00377700"), RegexMatch("6.48000000"), RegexMatch("0.00377800"), RegexMatch("16.33000000"), RegexMatch("0.00377900"), RegexMatch("9.32000000")], nothing), 0x0000000000006d27)
				wss://stream.binance.com:9443/ws/aaveeth@depth5@100ms/aavebtc@depth5@100ms/ctkbtc@depth5@100ms/burgerbnb@depth5@100ms/ltcbnb@depth5@100ms
 
[2021-01-14T11:05:54.149][6] 	Арбитражный вебсокет: MethodError(var"#infile#5"{LibPQ.Connection}(PostgreSQL connection (CONNECTION_OK) with parameters:
  user = trader
  password = ********************
  dbname = quotations
  host = localhost
  port = 5432
  client_encoding = UTF8
  options = -c DateStyle=ISO,YMD -c IntervalStyle=iso_8601 -c TimeZone=UTC
  application_name = LibPQ.jl
  sslmode = prefer
  sslcompression = 0
  gssencmode = disable
  krbsrvname = postgres
  target_session_attrs = any), (RegexMatch[RegexMatch("495710089"), RegexMatch("0.85773000"), RegexMatch("0.00150000"), RegexMatch("0.85772000"), RegexMatch("0.01100000"), RegexMatch("0.85742000"), RegexMatch("0.00940000"), RegexMatch("0.85714000"), RegexMatch("0.05150000"), RegexMatch("0.85713000"), RegexMatch("0.24430000"), RegexMatch("0.85965000"), RegexMatch("0.00240000"), RegexMatch("0.85966000"), RegexMatch("0.01100000"), RegexMatch("0.86014000"), RegexMatch("0.01690000"), RegexMatch("0.86015000"), RegexMatch("0.08000000"), RegexMatch("0.86037000"), RegexMatch("0.01710000")], nothing), 0x0000000000006d27)
				wss://stream.binance.com:9443/ws/yfibtc@depth5@100ms/trxbtc@depth5@100ms/ltceth@depth5@100ms/trxeth@depth5@100ms/bnbeth@depth5@100ms
 
[2021-01-14T11:05:55.322][6] 	Арбитражный вебсокет: MethodError(var"#infile#5"{LibPQ.Connection}(PostgreSQL connection (CONNECTION_OK) with parameters:
  user = trader
  password = ********************
  dbname = quotations
  host = localhost
  port = 5432
  client_encoding = UTF8
  options = -c DateStyle=ISO,YMD -c IntervalStyle=iso_8601 -c TimeZone=UTC
  application_name = LibPQ.jl
  sslmode = prefer
  sslcompression = 0
  gssencmode = disable
  krbsrvname = postgres
  target_session_attrs = any), (RegexMatch[RegexMatch("189847100"), RegexMatch("0.00008891"), RegexMatch("2227.00000000"), RegexMatch("0.00008890"), RegexMatch("436.00000000"), RegexMatch("0.00008889"), RegexMatch("609.00000000"), RegexMatch("0.00008885"), RegexMatch("152.00000000"), RegexMatch("0.00008883"), RegexMatch("305.00000000"), RegexMatch("0.00008911"), RegexMatch("14.00000000"), RegexMatch("0.00008912"), RegexMatch("130.00000000"), RegexMatch("0.00008915"), RegexMatch("141.00000000"), RegexMatch("0.00008923"), RegexMatch("226.00000000"), RegexMatch("0.00008927"), RegexMatch("525.00000000")], nothing), 0x0000000000006d27)
				wss://stream.binance.com:9443/ws/ethbtc@depth5@100ms/bnbbtc@depth5@100ms/trxbnb@depth5@100ms/ltcbtc@depth5@100ms/solbtc@depth5@100ms
 
[2021-01-14T11:05:56.506][6] 	Арбитражный вебсокет: MethodError(var"#infile#5"{LibPQ.Connection}(PostgreSQL connection (CONNECTION_OK) with parameters:
  user = trader
  password = ********************
  dbname = quotations
  host = localhost
  port = 5432
  client_encoding = UTF8
  options = -c DateStyle=ISO,YMD -c IntervalStyle=iso_8601 -c TimeZone=UTC
  application_name = LibPQ.jl
  sslmode = prefer
  sslcompression = 0
  gssencmode = disable
  krbsrvname = postgres
  target_session_attrs = any), (RegexMatch[RegexMatch("16345343"), RegexMatch("0.01452000"), RegexMatch("66.30000000"), RegexMatch("0.01451000"), RegexMatch("212.30000000"), RegexMatch("0.01450000"), RegexMatch("242.80000000"), RegexMatch("0.01449000"), RegexMatch("17253.30000000"), RegexMatch("0.01448000"), RegexMatch("1701.30000000"), RegexMatch("0.01460000"), RegexMatch("89.90000000"), RegexMatch("0.01461000"), RegexMatch("546.90000000"), RegexMatch("0.01462000"), RegexMatch("2429.60000000"), RegexMatch("0.01463000"), RegexMatch("91.90000000"), RegexMatch("0.01465000"), RegexMatch("107.80000000")], nothing), 0x0000000000006d27)
				wss://stream.binance.com:9443/ws/solbnb@depth5@100ms/yfibnb@depth5@100ms/aavebnb@depth5@100ms/cakebnb@depth5@100ms/ctkbnb@depth5@100ms
 
[2021-01-14T11:05:57.691][6] 	Арбитражный вебсокет: MethodError(var"#infile#5"{LibPQ.Connection}(PostgreSQL connection (CONNECTION_OK) with parameters:
  user = trader
  password = ********************
  dbname = quotations
  host = localhost
  port = 5432
  client_encoding = UTF8
  options = -c DateStyle=ISO,YMD -c IntervalStyle=iso_8601 -c TimeZone=UTC
  application_name = LibPQ.jl
  sslmode = prefer
  sslcompression = 0
  gssencmode = disable
  krbsrvname = postgres
  target_session_attrs = any), (RegexMatch[RegexMatch("56154508"), RegexMatch("0.00002524"), RegexMatch("39.80000000"), RegexMatch("0.00002523"), RegexMatch("66.40000000"), RegexMatch("0.00002521"), RegexMatch("507.90000000"), RegexMatch("0.00002520"), RegexMatch("1098.90000000"), RegexMatch("0.00002518"), RegexMatch("618.40000000"), RegexMatch("0.00002530"), RegexMatch("400.90000000"), RegexMatch("0.00002531"), RegexMatch("19.80000000"), RegexMatch("0.00002536"), RegexMatch("45.00000000"), RegexMatch("0.00002548"), RegexMatch("45.00000000"), RegexMatch("0.00002561"), RegexMatch("204.50000000")], nothing), 0x0000000000006d27)
				wss://stream.binance.com:9443/ws/aaveeth@depth5@100ms/aavebtc@depth5@100ms/ctkbtc@depth5@100ms/burgerbnb@depth5@100ms/ltcbnb@depth5@100ms
 
[2021-01-14T11:05:58.871][6] 	Арбитражный вебсокет: MethodError(var"#infile#5"{LibPQ.Connection}(PostgreSQL connection (CONNECTION_OK) with parameters:
  user = trader
  password = ********************
  dbname = quotations
  host = localhost
  port = 5432
  client_encoding = UTF8
  options = -c DateStyle=ISO,YMD -c IntervalStyle=iso_8601 -c TimeZone=UTC
  application_name = LibPQ.jl
  sslmode = prefer
  sslcompression = 0
  gssencmode = disable
  krbsrvname = postgres
  target_session_attrs = any), (RegexMatch[RegexMatch("495710261"), RegexMatch("0.85751000"), RegexMatch("0.00260000"), RegexMatch("0.85750000"), RegexMatch("0.01470000"), RegexMatch("0.85748000"), RegexMatch("0.00150000"), RegexMatch("0.85743000"), RegexMatch("0.00200000"), RegexMatch("0.85742000"), RegexMatch("0.00940000"), RegexMatch("0.86035000"), RegexMatch("0.01990000"), RegexMatch("0.86036000"), RegexMatch("0.01360000"), RegexMatch("0.86037000"), RegexMatch("0.01710000"), RegexMatch("0.86038000"), RegexMatch("0.08080000"), RegexMatch("0.86053000"), RegexMatch("0.02970000")], nothing), 0x0000000000006d27)
				wss://stream.binance.com:9443/ws/yfibtc@depth5@100ms/trxbtc@depth5@100ms/ltceth@depth5@100ms/trxeth@depth5@100ms/bnbeth@depth5@100ms
 
[2021-01-14T11:06:00.146][6] 	Арбитражный вебсокет: MethodError(var"#infile#5"{LibPQ.Connection}(PostgreSQL connection (CONNECTION_OK) with parameters:
  user = trader
  password = ********************
  dbname = quotations
  host = localhost
  port = 5432
  client_encoding = UTF8
  options = -c DateStyle=ISO,YMD -c IntervalStyle=iso_8601 -c TimeZone=UTC
  application_name = LibPQ.jl
  sslmode = prefer
  sslcompression = 0
  gssencmode = disable
  krbsrvname = postgres
  target_session_attrs = any), (RegexMatch[RegexMatch("189847142"), RegexMatch("0.00008894"), RegexMatch("1961.00000000"), RegexMatch("0.00008892"), RegexMatch("153.00000000"), RegexMatch("0.00008890"), RegexMatch("304.00000000"), RegexMatch("0.00008889"), RegexMatch("609.00000000"), RegexMatch("0.00008887"), RegexMatch("304.00000000"), RegexMatch("0.00008911"), RegexMatch("14.00000000"), RegexMatch("0.00008924"), RegexMatch("130.00000000"), RegexMatch("0.00008927"), RegexMatch("373.00000000"), RegexMatch("0.00008929"), RegexMatch("608.00000000"), RegexMatch("0.00008936"), RegexMatch("13.00000000")], nothing), 0x0000000000006d27)
				wss://stream.binance.com:9443/ws/ethbtc@depth5@100ms/bnbbtc@depth5@100ms/trxbnb@depth5@100ms/ltcbtc@depth5@100ms/solbtc@depth5@100ms
 
[2021-01-14T11:06:01.32][6] 	Арбитражный вебсокет: MethodError(var"#infile#5"{LibPQ.Connection}(PostgreSQL connection (CONNECTION_OK) with parameters:
  user = trader
  password = ********************
  dbname = quotations
  host = localhost
  port = 5432
  client_encoding = UTF8
  options = -c DateStyle=ISO,YMD -c IntervalStyle=iso_8601 -c TimeZone=UTC
  application_name = LibPQ.jl
  sslmode = prefer
  sslcompression = 0
  gssencmode = disable
  krbsrvname = postgres
  target_session_attrs = any), (RegexMatch[RegexMatch("29825072"), RegexMatch("3.52970000"), RegexMatch("14.49000000"), RegexMatch("3.52960000"), RegexMatch("7.49000000"), RegexMatch("3.52950000"), RegexMatch("0.08000000"), RegexMatch("3.52500000"), RegexMatch("0.04000000"), RegexMatch("3.52350000"), RegexMatch("0.11000000"), RegexMatch("3.55640000"), RegexMatch("14.31000000"), RegexMatch("3.55650000"), RegexMatch("0.54000000"), RegexMatch("3.55660000"), RegexMatch("0.09000000"), RegexMatch("3.55810000"), RegexMatch("20.00000000"), RegexMatch("3.55820000"), RegexMatch("0.08000000")], nothing), 0x0000000000006d27)
				wss://stream.binance.com:9443/ws/solbnb@depth5@100ms/yfibnb@depth5@100ms/aavebnb@depth5@100ms/cakebnb@depth5@100ms/ctkbnb@depth5@100ms
 
[2021-01-14T11:06:02.493][6] 	Арбитражный вебсокет: MethodError(var"#infile#5"{LibPQ.Connection}(PostgreSQL connection (CONNECTION_OK) with parameters:
  user = trader
  password = ********************
  dbname = quotations
  host = localhost
  port = 5432
  client_encoding = UTF8
  options = -c DateStyle=ISO,YMD -c IntervalStyle=iso_8601 -c TimeZone=UTC
  application_name = LibPQ.jl
  sslmode = prefer
  sslcompression = 0
  gssencmode = disable
  krbsrvname = postgres
  target_session_attrs = any), (RegexMatch[RegexMatch("56154554"), RegexMatch("0.00002524"), RegexMatch("39.80000000"), RegexMatch("0.00002523"), RegexMatch("66.40000000"), RegexMatch("0.00002521"), RegexMatch("507.90000000"), RegexMatch("0.00002520"), RegexMatch("980.10000000"), RegexMatch("0.00002518"), RegexMatch("618.40000000"), RegexMatch("0.00002530"), RegexMatch("400.90000000"), RegexMatch("0.00002531"), RegexMatch("19.80000000"), RegexMatch("0.00002536"), RegexMatch("45.00000000"), RegexMatch("0.00002548"), RegexMatch("45.00000000"), RegexMatch("0.00002561"), RegexMatch("204.50000000")], nothing), 0x0000000000006d27)
				wss://stream.binance.com:9443/ws/aaveeth@depth5@100ms/aavebtc@depth5@100ms/ctkbtc@depth5@100ms/burgerbnb@depth5@100ms/ltcbnb@depth5@100ms
 
